[2020-12-09 10:19:25,781] multiqc                                            [DEBUG  ]  No MultiQC config found: /Users/osilande/miniconda3/lib/python3.8/site-packages/multiqc_config.yaml
[2020-12-09 10:19:25,782] multiqc                                            [DEBUG  ]  No MultiQC config found: /Users/osilande/.multiqc_config.yaml
[2020-12-09 10:19:25,782] multiqc                                            [DEBUG  ]  No MultiQC config found: multiqc_config.yaml
[2020-12-09 10:19:25,782] multiqc                                            [DEBUG  ]  Command used: /Users/osilande/miniconda3/bin/multiqc ill_reports/
[2020-12-09 10:19:30,788] multiqc                                            [DEBUG  ]  Could not connect to multiqc.info for version check: <urlopen error timed out>
[2020-12-09 10:19:30,789] multiqc                                            [INFO   ]  This is MultiQC v1.9
[2020-12-09 10:19:30,789] multiqc                                            [DEBUG  ]  Command     : /Users/osilande/miniconda3/bin/multiqc ill_reports/
[2020-12-09 10:19:30,789] multiqc                                            [DEBUG  ]  Working dir : /Users/osilande/Desktop
[2020-12-09 10:19:30,790] multiqc                                            [INFO   ]  Template    : default
[2020-12-09 10:19:30,790] multiqc                                            [DEBUG  ]  Running Python 3.8.3 (default, May 19 2020, 13:54:14)  [Clang 10.0.0 ]
[2020-12-09 10:19:30,790] multiqc                                            [INFO   ]  Searching   : /Users/osilande/Desktop/ill_reports
[2020-12-09 10:19:30,792] multiqc                                            [DEBUG  ]  Analysing modules: custom_content, conpair, peddy, somalier, methylQA, mosdepth, phantompeakqualtools, qualimap, preseq, quast, qorts, rna_seqc, rockhopper, rsem, rseqc, busco, goleft_indexcov, disambiguate, supernova, deeptools, sargasso, verifybamid, mirtrace, happy, mirtop, homer, macs2, theta2, snpeff, gatk, htseq, bcftools, featureCounts, fgbio, dragen, dedup, damageprofiler, biobambam2, mtnucratio, picard, prokka, samblaster, samtools, sexdeterrmine, bamtools, jellyfish, vcftools, longranger, stacks, varscan2, bbmap, bismark, biscuit, hicexplorer, hicup, hicpro, salmon, kallisto, slamdunk, star, hisat2, tophat, bowtie2, bowtie1, snpsplit, kat, leehom, adapterRemoval, clipandmerge, cutadapt, flexbar, kaiju, kraken, malt, trimmomatic, sickle, skewer, sortmerna, biobloomtools, fastq_screen, afterqc, fastp, fastqc, pycoqc, minionqc, multivcfanalyzer, clusterflow, bcl2fastq, interop, ivar, flash, seqyclean
[2020-12-09 10:19:30,792] multiqc                                            [DEBUG  ]  Using temporary directory for creating report: /var/folders/h1/ys3pdm0959lcwbk42x5qs96cdv_bqf/T/tmpep7bq5bc
[2020-12-09 10:19:30,854] multiqc                                            [DEBUG  ]  Ignoring file as matched an ignore pattern: SC2_F1.ill_R1.fastq.fastp.html
[2020-12-09 10:19:30,855] multiqc                                            [DEBUG  ]  Ignoring file as matched an ignore pattern: SC1_G3.ill_R1.fastq.fastp.html
[2020-12-09 10:19:30,855] multiqc                                            [DEBUG  ]  Ignoring file as matched an ignore pattern: SC2_B1.ill_R1.fastq.fastp.html
[2020-12-09 10:19:30,855] multiqc                                            [DEBUG  ]  Ignoring file as matched an ignore pattern: SC2_H3.ill_R1.fastq.fastp.html
[2020-12-09 10:19:30,855] multiqc                                            [DEBUG  ]  Ignoring file as matched an ignore pattern: SC2_C2.ill_R1.fastq.fastp.html
[2020-12-09 10:19:30,855] multiqc                                            [DEBUG  ]  Ignoring file as matched an ignore pattern: SC2_D3.ill_R1.fastq.fastp.html
[2020-12-09 10:19:30,855] multiqc                                            [DEBUG  ]  Ignoring file as matched an ignore pattern: SC2_G2.ill_R1.fastq.fastp.html
[2020-12-09 10:19:30,856] multiqc                                            [DEBUG  ]  Ignoring file as matched an ignore pattern: SC1_H2.ill_R1.fastq.fastp.html
[2020-12-09 10:19:30,856] multiqc                                            [DEBUG  ]  Ignoring file as matched an ignore pattern: SC2_E4.ill_R1.fastq.fastp.html
[2020-12-09 10:19:30,856] multiqc                                            [DEBUG  ]  Ignoring file as matched an ignore pattern: SC2_B5.ill_R1.fastq.fastp.html
[2020-12-09 10:19:30,857] multiqc                                            [DEBUG  ]  Ignoring file as matched an ignore pattern: SC2_F5.ill_R1.fastq.fastp.html
[2020-12-09 10:19:30,857] multiqc                                            [DEBUG  ]  Ignoring file as matched an ignore pattern: SC2_G6.ill_R1.fastq.fastp.html
[2020-12-09 10:19:30,857] multiqc                                            [DEBUG  ]  Ignoring file as matched an ignore pattern: SC1_A5.ill_R1.fastq.fastp.html
[2020-12-09 10:19:30,857] multiqc                                            [DEBUG  ]  Ignoring file as matched an ignore pattern: SC2_C6.ill_R1.fastq.fastp.html
[2020-12-09 10:19:30,858] multiqc                                            [DEBUG  ]  Ignoring file as matched an ignore pattern: SC2_G5.ill_R1.fastq.fastp.html
[2020-12-09 10:19:30,858] multiqc                                            [DEBUG  ]  Ignoring file as matched an ignore pattern: SC1_H5.ill_R1.fastq.fastp.html
[2020-12-09 10:19:30,858] multiqc                                            [DEBUG  ]  Ignoring file as matched an ignore pattern: SC2_C5.ill_R1.fastq.fastp.html
[2020-12-09 10:19:30,859] multiqc                                            [DEBUG  ]  Ignoring file as matched an ignore pattern: SC2_B6.ill_R1.fastq.fastp.html
[2020-12-09 10:19:30,859] multiqc                                            [DEBUG  ]  Ignoring file as matched an ignore pattern: SC2_F6.ill_R1.fastq.fastp.html
[2020-12-09 10:19:30,859] multiqc                                            [DEBUG  ]  Ignoring file as matched an ignore pattern: SC2_C1.ill_R1.fastq.fastp.html
[2020-12-09 10:19:30,859] multiqc                                            [DEBUG  ]  Ignoring file as matched an ignore pattern: SC1_F3.ill_R1.fastq.fastp.html
[2020-12-09 10:19:30,860] multiqc                                            [DEBUG  ]  Ignoring file as matched an ignore pattern: SC2_G1.ill_R1.fastq.fastp.html
[2020-12-09 10:19:30,860] multiqc                                            [DEBUG  ]  Ignoring file as matched an ignore pattern: SC1_H1.ill_R1.fastq.fastp.html
[2020-12-09 10:19:30,861] multiqc                                            [DEBUG  ]  Ignoring file as matched an ignore pattern: SC2_F2.ill_R1.fastq.fastp.html
[2020-12-09 10:19:30,861] multiqc                                            [DEBUG  ]  Ignoring file as matched an ignore pattern: SC2_E3.ill_R1.fastq.fastp.html
[2020-12-09 10:19:30,862] multiqc                                            [DEBUG  ]  Ignoring file as matched an ignore pattern: SC2_B2.ill_R1.fastq.fastp.html
[2020-12-09 10:19:30,862] multiqc                                            [DEBUG  ]  Ignoring file as matched an ignore pattern: SC2_D6.ill_R1.fastq.fastp.html
[2020-12-09 10:19:30,862] multiqc                                            [DEBUG  ]  Ignoring file as matched an ignore pattern: SC1_H8.ill_R1.fastq.fastp.html
[2020-12-09 10:19:30,862] multiqc                                            [DEBUG  ]  Ignoring file as matched an ignore pattern: SC1_H7.ill_R1.fastq.fastp.html
[2020-12-09 10:19:30,863] multiqc                                            [DEBUG  ]  Ignoring file as matched an ignore pattern: SC1_E4.ill_R1.fastq.fastp.html
[2020-12-09 10:19:30,863] multiqc                                            [DEBUG  ]  Ignoring file as matched an ignore pattern: SC1_G9.ill_R1.fastq.fastp.html
[2020-12-09 10:19:30,863] multiqc                                            [DEBUG  ]  Ignoring file as matched an ignore pattern: SC2_F4.ill_R1.fastq.fastp.html
[2020-12-09 10:19:30,863] multiqc                                            [DEBUG  ]  Ignoring file as matched an ignore pattern: SC2_A5.ill_R1.fastq.fastp.html
[2020-12-09 10:19:30,864] multiqc                                            [DEBUG  ]  Ignoring file as matched an ignore pattern: SC2_H6.ill_R1.fastq.fastp.html
[2020-12-09 10:19:30,864] multiqc                                            [DEBUG  ]  Ignoring file as matched an ignore pattern: SC2_E5.ill_R1.fastq.fastp.html
[2020-12-09 10:19:30,864] multiqc                                            [DEBUG  ]  Ignoring file as matched an ignore pattern: SC2_G3.ill_R1.fastq.fastp.html
[2020-12-09 10:19:30,864] multiqc                                            [DEBUG  ]  Ignoring file as matched an ignore pattern: SC2_C3.ill_R1.fastq.fastp.html
[2020-12-09 10:19:30,865] multiqc                                            [DEBUG  ]  Ignoring file as matched an ignore pattern: SC2_H2.ill_R1.fastq.fastp.html
[2020-12-09 10:19:30,865] multiqc                                            [DEBUG  ]  Ignoring file as matched an ignore pattern: SC2_E1.ill_R1.fastq.fastp.html
[2020-12-09 10:19:30,865] multiqc                                            [DEBUG  ]  Ignoring file as matched an ignore pattern: SC2_A1.ill_R1.fastq.fastp.html
[2020-12-09 10:19:30,866] multiqc                                            [DEBUG  ]  Ignoring file as matched an ignore pattern: SC2_H1.ill_R1.fastq.fastp.html
[2020-12-09 10:19:30,866] multiqc                                            [DEBUG  ]  Ignoring file as matched an ignore pattern: SC2_E2.ill_R1.fastq.fastp.html
[2020-12-09 10:19:30,866] multiqc                                            [DEBUG  ]  Ignoring file as matched an ignore pattern: SC2_A2.ill_R1.fastq.fastp.html
[2020-12-09 10:19:30,867] multiqc                                            [DEBUG  ]  Ignoring file as matched an ignore pattern: SC2_D1.ill_R1.fastq.fastp.html
[2020-12-09 10:19:30,867] multiqc                                            [DEBUG  ]  Ignoring file as matched an ignore pattern: SC1_A3.ill_R1.fastq.fastp.html
[2020-12-09 10:19:30,867] multiqc                                            [DEBUG  ]  Ignoring file as matched an ignore pattern: SC2_A6.ill_R1.fastq.fastp.html
[2020-12-09 10:19:30,868] multiqc                                            [DEBUG  ]  Ignoring file as matched an ignore pattern: SC2_E6.ill_R1.fastq.fastp.html
[2020-12-09 10:19:30,868] multiqc                                            [DEBUG  ]  Ignoring file as matched an ignore pattern: SC1_A10.ill_R1.fastq.fastp.html
[2020-12-09 10:19:30,869] multiqc                                            [DEBUG  ]  Ignoring file as matched an ignore pattern: SC1_E8.ill_R1.fastq.fastp.html
[2020-12-09 10:19:30,869] multiqc                                            [DEBUG  ]  Ignoring file as matched an ignore pattern: SC2_D5.ill_R1.fastq.fastp.html
[2020-12-09 10:19:30,869] multiqc                                            [DEBUG  ]  Ignoring file as matched an ignore pattern: SC1_A8.ill_R1.fastq.fastp.html
[2020-12-09 10:19:30,869] multiqc                                            [DEBUG  ]  Ignoring file as matched an ignore pattern: SC2_G4.ill_R1.fastq.fastp.html
[2020-12-09 10:19:31,039] multiqc.plots.bargraph                             [DEBUG  ]  Using matplotlib version 3.2.2
[2020-12-09 10:19:31,039] multiqc.plots.linegraph                            [DEBUG  ]  Using matplotlib version 3.2.2
[2020-12-09 10:19:31,040] multiqc                                            [DEBUG  ]  No samples found: custom_content
[2020-12-09 10:19:31,042] multiqc                                            [DEBUG  ]  No samples found: conpair
[2020-12-09 10:19:31,044] multiqc                                            [DEBUG  ]  No samples found: peddy
[2020-12-09 10:19:31,046] multiqc                                            [DEBUG  ]  No samples found: somalier
[2020-12-09 10:19:31,048] multiqc                                            [DEBUG  ]  No samples found: methylQA
[2020-12-09 10:19:31,051] multiqc                                            [DEBUG  ]  No samples found: mosdepth
[2020-12-09 10:19:31,053] multiqc                                            [DEBUG  ]  No samples found: phantompeakqualtools
[2020-12-09 10:19:31,054] multiqc                                            [DEBUG  ]  No samples found: qualimap
[2020-12-09 10:19:31,056] multiqc                                            [DEBUG  ]  No samples found: preseq
[2020-12-09 10:19:31,058] multiqc                                            [DEBUG  ]  No samples found: quast
[2020-12-09 10:19:31,060] multiqc                                            [DEBUG  ]  No samples found: qorts
[2020-12-09 10:19:31,062] multiqc                                            [DEBUG  ]  No samples found: rna_seqc
[2020-12-09 10:19:31,064] multiqc                                            [DEBUG  ]  No samples found: rockhopper
[2020-12-09 10:19:31,065] multiqc                                            [DEBUG  ]  No samples found: rsem
[2020-12-09 10:19:31,069] multiqc                                            [DEBUG  ]  No samples found: rseqc
[2020-12-09 10:19:31,070] multiqc                                            [DEBUG  ]  No samples found: busco
[2020-12-09 10:19:31,072] multiqc                                            [DEBUG  ]  No samples found: goleft_indexcov
[2020-12-09 10:19:31,074] multiqc                                            [DEBUG  ]  No samples found: disambiguate
[2020-12-09 10:19:31,076] multiqc                                            [DEBUG  ]  No samples found: supernova
[2020-12-09 10:19:31,080] multiqc                                            [DEBUG  ]  No samples found: deeptools
[2020-12-09 10:19:31,082] multiqc                                            [DEBUG  ]  No samples found: sargasso
[2020-12-09 10:19:31,083] multiqc                                            [DEBUG  ]  No samples found: verifybamid
[2020-12-09 10:19:31,085] multiqc                                            [DEBUG  ]  No samples found: mirtrace
[2020-12-09 10:19:31,087] multiqc                                            [DEBUG  ]  No samples found: happy
[2020-12-09 10:19:31,089] multiqc                                            [DEBUG  ]  No samples found: mirtop
[2020-12-09 10:19:31,091] multiqc                                            [DEBUG  ]  No samples found: homer
[2020-12-09 10:19:31,092] multiqc                                            [DEBUG  ]  No samples found: macs2
[2020-12-09 10:19:31,094] multiqc                                            [DEBUG  ]  No samples found: theta2
[2020-12-09 10:19:31,096] multiqc                                            [DEBUG  ]  No samples found: snpeff
[2020-12-09 10:19:31,098] multiqc                                            [DEBUG  ]  No samples found: gatk
[2020-12-09 10:19:31,099] multiqc                                            [DEBUG  ]  No samples found: htseq
[2020-12-09 10:19:31,101] multiqc                                            [DEBUG  ]  No samples found: bcftools
[2020-12-09 10:19:31,103] multiqc                                            [DEBUG  ]  No samples found: featureCounts
[2020-12-09 10:19:31,105] multiqc                                            [DEBUG  ]  No samples found: fgbio
[2020-12-09 10:19:31,109] multiqc                                            [DEBUG  ]  No samples found: dragen
[2020-12-09 10:19:31,110] multiqc                                            [DEBUG  ]  No samples found: dedup
[2020-12-09 10:19:31,112] multiqc                                            [DEBUG  ]  No samples found: damageprofiler
[2020-12-09 10:19:31,117] multiqc                                            [DEBUG  ]  No samples found: biobambam2
[2020-12-09 10:19:31,119] multiqc                                            [DEBUG  ]  No samples found: mtnucratio
[2020-12-09 10:19:31,120] multiqc                                            [DEBUG  ]  No samples found: picard
[2020-12-09 10:19:31,122] multiqc                                            [DEBUG  ]  No samples found: prokka
[2020-12-09 10:19:31,123] multiqc                                            [DEBUG  ]  No samples found: samblaster
[2020-12-09 10:19:31,126] multiqc                                            [DEBUG  ]  No samples found: samtools
[2020-12-09 10:19:31,127] multiqc                                            [DEBUG  ]  No samples found: sexdeterrmine
[2020-12-09 10:19:31,129] multiqc                                            [DEBUG  ]  No samples found: bamtools
[2020-12-09 10:19:31,131] multiqc                                            [DEBUG  ]  No samples found: jellyfish
[2020-12-09 10:19:31,133] multiqc                                            [DEBUG  ]  No samples found: vcftools
[2020-12-09 10:19:31,135] multiqc                                            [DEBUG  ]  No samples found: longranger
[2020-12-09 10:19:31,137] multiqc                                            [DEBUG  ]  No samples found: stacks
[2020-12-09 10:19:31,138] multiqc                                            [DEBUG  ]  No samples found: varscan2
[2020-12-09 10:19:31,142] multiqc                                            [DEBUG  ]  No samples found: bbmap
[2020-12-09 10:19:31,144] multiqc                                            [DEBUG  ]  No samples found: bismark
[2020-12-09 10:19:31,146] multiqc                                            [DEBUG  ]  No samples found: biscuit
[2020-12-09 10:19:31,147] multiqc                                            [DEBUG  ]  No samples found: hicexplorer
[2020-12-09 10:19:31,149] multiqc                                            [DEBUG  ]  No samples found: hicup
[2020-12-09 10:19:31,150] multiqc                                            [DEBUG  ]  No samples found: hicpro
[2020-12-09 10:19:31,152] multiqc                                            [DEBUG  ]  No samples found: salmon
[2020-12-09 10:19:31,154] multiqc                                            [DEBUG  ]  No samples found: kallisto
[2020-12-09 10:19:31,155] multiqc                                            [DEBUG  ]  No samples found: slamdunk
[2020-12-09 10:19:31,157] multiqc                                            [DEBUG  ]  No samples found: star
[2020-12-09 10:19:31,159] multiqc                                            [DEBUG  ]  No samples found: hisat2
[2020-12-09 10:19:31,160] multiqc                                            [DEBUG  ]  No samples found: tophat
[2020-12-09 10:19:31,162] multiqc                                            [DEBUG  ]  No samples found: bowtie2
[2020-12-09 10:19:31,163] multiqc                                            [DEBUG  ]  No samples found: bowtie1
[2020-12-09 10:19:31,165] multiqc                                            [DEBUG  ]  No samples found: snpsplit
[2020-12-09 10:19:31,167] multiqc                                            [DEBUG  ]  No samples found: kat
[2020-12-09 10:19:31,168] multiqc                                            [DEBUG  ]  No samples found: leehom
[2020-12-09 10:19:31,170] multiqc                                            [DEBUG  ]  No samples found: adapterRemoval
[2020-12-09 10:19:31,171] multiqc                                            [DEBUG  ]  No samples found: clipandmerge
[2020-12-09 10:19:31,173] multiqc                                            [DEBUG  ]  No samples found: cutadapt
[2020-12-09 10:19:31,175] multiqc                                            [DEBUG  ]  No samples found: flexbar
[2020-12-09 10:19:31,176] multiqc                                            [DEBUG  ]  No samples found: kaiju
[2020-12-09 10:19:31,178] multiqc                                            [DEBUG  ]  No samples found: kraken
[2020-12-09 10:19:31,180] multiqc                                            [DEBUG  ]  No samples found: malt
[2020-12-09 10:19:31,181] multiqc                                            [DEBUG  ]  No samples found: trimmomatic
[2020-12-09 10:19:31,183] multiqc                                            [DEBUG  ]  No samples found: sickle
[2020-12-09 10:19:31,184] multiqc                                            [DEBUG  ]  No samples found: skewer
[2020-12-09 10:19:31,186] multiqc                                            [DEBUG  ]  No samples found: sortmerna
[2020-12-09 10:19:31,188] multiqc                                            [DEBUG  ]  No samples found: biobloomtools
[2020-12-09 10:19:31,189] multiqc                                            [DEBUG  ]  No samples found: fastq_screen
[2020-12-09 10:19:31,191] multiqc                                            [DEBUG  ]  No samples found: afterqc
[2020-12-09 10:19:31,357] multiqc.modules.fastp.fastp                        [INFO   ]  Found 52 reports
[2020-12-09 10:19:31,625] multiqc                                            [DEBUG  ]  No samples found: fastqc
[2020-12-09 10:19:31,627] multiqc                                            [DEBUG  ]  No samples found: pycoqc
[2020-12-09 10:19:31,629] multiqc                                            [DEBUG  ]  No samples found: minionqc
[2020-12-09 10:19:31,631] multiqc                                            [DEBUG  ]  No samples found: multivcfanalyzer
[2020-12-09 10:19:31,633] multiqc                                            [DEBUG  ]  No samples found: clusterflow
[2020-12-09 10:19:31,635] multiqc                                            [DEBUG  ]  No samples found: bcl2fastq
[2020-12-09 10:19:31,637] multiqc                                            [DEBUG  ]  No samples found: interop
[2020-12-09 10:19:31,638] multiqc                                            [DEBUG  ]  No samples found: ivar
[2020-12-09 10:19:31,640] multiqc                                            [DEBUG  ]  No samples found: flash
[2020-12-09 10:19:31,642] multiqc                                            [DEBUG  ]  No samples found: seqyclean
[2020-12-09 10:19:31,693] multiqc                                            [INFO   ]  Compressing plot data
[2020-12-09 10:19:35,802] multiqc                                            [INFO   ]  Report      : multiqc_report.html
[2020-12-09 10:19:35,802] multiqc                                            [INFO   ]  Data        : multiqc_data
[2020-12-09 10:19:35,802] multiqc                                            [DEBUG  ]  Moving data file from '/var/folders/h1/ys3pdm0959lcwbk42x5qs96cdv_bqf/T/tmpep7bq5bc/multiqc_data' to '/Users/osilande/Desktop/multiqc_data'
[2020-12-09 10:19:35,949] multiqc                                            [INFO   ]  MultiQC complete
